2605, 322
6022, 514
2640, 366
12293, 805
7540, 619
6417, 580
11119, 796
12263, 791
19739, 1139
21985, 1213
16322, 945
4034, 421
4667, 476
7862, 666
5545, 525
8720, 640
10579, 718
11754, 764
20738, 1161
10281, 730
19729, 1121
17244, 1116
19772, 1174
18672, 1078
9465, 648
7796, 606
3127, 393
6055, 528
11326, 779
5021, 534
11416, 816
5693, 515
15200, 931
15995, 948
18633, 1069
22675, 1246
18228, 1144
8605, 642
2677, 367
3921, 434
1866, 332
5614, 502
9579, 695
7176, 579
9723, 684
11649, 759
12172, 855
11553, 852
20419, 1144
3428, 407
4238, 460
10286, 744
7639, 603
6496, 553
15591, 996
14216, 971
16664, 1028
6608, 556
18791, 1134
9511, 686
21630, 1237
19944, 1162
1912, 369
4483, 499
8313, 673
4429, 463
9467, 679
9968, 708
18585, 1096
16879, 1022
14520, 975
20395, 1220
3894, 421
6091, 536
4085, 451
7661, 607
7158, 579
8468, 650
10558, 744
22559, 1355
13270, 891
18595, 1110
17901, 1012
2636, 362
5853, 528
9695, 704
8671, 672
10677, 768
12660, 897
8756, 651
14788, 909
14189, 914
10342, 729
19292, 1110
3281, 399
8507, 685
3141, 433
10173, 730
9098, 667
14016, 884
9537, 685
15599, 940
17857, 1039
17934, 1133
16877, 1073
17019, 1017
18277, 1020
2038, 339
4652, 466
5116, 486
9523, 688
7202, 564
8361, 645
12132, 846
10656, 727
11007, 721
10612, 739
19852, 1141
14272, 882
18537, 1073
5238, 535
4245, 483
3469, 420
8106, 612
9857, 678
8824, 635
14967, 907
15370, 932
24834, 1410
11414, 811
5045, 495
8260, 630
9837, 693
10713, 737
11297, 748
8044, 608
13008, 824
11796, 828
18171, 1139
18314, 1055
12232, 797
15779, 966
20258, 1183
10934, 761
17552, 1089
1661, 319
6516, 561
10488, 724
8147, 629
6627, 555
10653, 748
15989, 988
11715, 816
12458, 893
6982, 582
23349, 1320
12346, 788
3321, 398
4900, 484
4170, 456
8350, 646
10034, 741
15936, 1069
15848, 999
13163, 856
20173, 1182
15142, 939
14388, 913
11921, 828
17767, 1094
16361, 1006
23778, 1310
4501, 454
4096, 456
6309, 561
2682, 372
3102, 405
11813, 860
6854, 599
18896, 1123
7661, 591
21861, 1244
13701, 860
21374, 1211
3540, 443
4724, 518
10319, 750
9085, 692
14898, 944
4176, 448
10953, 751
7629, 595
19355, 1143
14848, 1018
23353, 1321
6737, 531
2693, 363
6177, 535
5095, 487
12651, 822
21772, 1208
14787, 1016
6555, 570
5113, 475
6535, 529
11025, 745
21960, 1226
14539, 874
3435, 408
6434, 542
4928, 503
5810, 539
12067, 792
7172, 568
16065, 965
18800, 1071
15731, 947
19158, 1113
14305, 959
19852, 1137
15814, 936
4511, 442
10981, 755
6513, 539
2320, 352
10232, 707
16006, 1062
6430, 591
7216, 585
7861, 600
15634, 953
12410, 793
25153, 1357
20573, 1192
2264, 378
3726, 468
7296, 585
6880, 571
9906, 689
5373, 484
12921, 826
17016, 1006
24220, 1360
9760, 711
2309, 359
4026, 440
10068, 719
7606, 601
13354, 867
8475, 643
18636, 1089
5310, 485
18920, 1200
12566, 825
13188, 865
15151, 924
22911, 1274
17203, 1003
5043, 495
6048, 563
6943, 616
6074, 537
8129, 639
8630, 645
9741, 690
10216, 715
24016, 1334
8631, 643
4348, 491
4882, 509
7398, 629
10962, 758
4641, 481
12868, 850
16891, 1033
14914, 941
10068, 748
26632, 1516
16316, 961
1305, 303
5640, 521
7081, 563
6596, 565
5662, 518
10059, 710
13451, 922
13452, 927
19331, 1121
11088, 751
14690, 921
25299, 1386
18321, 1072
4013, 465
6414, 580
7219, 587
7971, 616
16681, 1033
12876, 852
15203, 964
14990, 942
11256, 807
22668, 1271
6770, 529
2287, 353
4999, 484
8515, 631
7108, 581
7539, 604
13093, 849
9375, 711
10856, 792
25081, 1330
4804, 461
5139, 489
3995, 424
10456, 713
8830, 640
10409, 703
16291, 1062
17565, 1056
10344, 699
13485, 843
19653, 1113
16358, 976
17383, 1084
17744, 1104
22390, 1235
27626, 1442
3438, 394
3359, 409
3549, 411
6897, 556
5344, 488
10452, 814
10284, 750
10904, 745
18381, 1078
14101, 880
28474, 1495
13671, 869
3283, 446
2811, 407
3686, 428
9535, 678
9600, 697
8063, 619
14727, 929
22349, 1239
9421, 685
13691, 924
13705, 894
18396, 1044
4998, 473
9915, 713
3346, 399
8855, 661
12335, 813
3395, 412
8175, 727
16761, 1077
16633, 999
20670, 1201
18559, 1099
15591, 952
23928, 1390
14562, 897
3700, 432
4933, 490
5412, 500
6303, 539
7636, 605
12416, 825
12306, 813
18706, 1157
15875, 988
18980, 1102
14486, 926
8540, 646
9805, 690
20586, 1229
19599, 1190
2669, 371
6496, 561
3432, 405
10215, 746
3629, 428
10072, 690
8157, 619
6885, 580
16265, 1064
20105, 1211
4524, 460
4307, 450
3347, 413
5360, 492
11924, 797
13799, 880
10616, 738
11542, 796
16661, 1055
23721, 1306
11765, 767
4062, 432
4912, 480
6247, 539
11812, 804
17125, 1066
16654, 1046
14571, 890
8778, 631
13966, 879
11537, 754
22939, 1224
4833, 482
3997, 475
5446, 532
5196, 502
8702, 645
11872, 783
5176, 474
8029, 602
15959, 960
16506, 968
20391, 1234
23089, 1292
17210, 1006
2617, 364
2186, 344
6595, 555
8124, 621
4944, 481
9532, 674
9743, 792
12889, 860
12707, 816
19299, 1101
18329, 1068
28566, 1475
2477, 368
3953, 482
15166, 1005
8766, 641
12327, 802
6367, 529
13851, 872
13621, 878
21261, 1229
16516, 1053
4419, 470
8440, 624
10311, 724
13163, 865
8186, 640
12091, 795
12052, 818
9685, 744
9873, 741
16189, 989
19800, 1154
15829, 922
2865, 383
7818, 618
12244, 809
11872, 841
11727, 834
16691, 1006
13610, 877
16287, 1014
20877, 1193
21549, 1266
20064, 1222
8667, 616
3688, 416
1666, 333
9724, 708
13141, 858
5915, 532
11495, 784
10185, 758
13318, 917
6927, 587
16021, 991
15500, 961
10687, 731
17183, 1052
15863, 966
3754, 457
4905, 499
4943, 490
3162, 403
8165, 640
9842, 697
14627, 925
21877, 1253
17235, 1091
23002, 1293
2942, 376
3939, 430
6526, 558
4270, 459
13544, 863
16243, 1014
12249, 792
23654, 1418
4136, 410
4288, 446
2112, 342
6726, 566
8149, 605
8457, 635
11654, 782
7811, 599
11848, 790
25293, 1451
18821, 1054
2164, 340
5154, 486
6894, 563
7488, 594
7847, 602
8662, 646
9060, 676
14746, 960
8903, 657
15998, 953
21056, 1186
17896, 1045
6361, 544
4685, 475
3901, 460
6581, 633
7282, 631
9626, 689
14654, 900
16055, 969
16837, 1000
13302, 830
10432, 742
14076, 992
24528, 1328
4137, 429
5741, 510
3449, 405
6419, 555
10737, 730
9856, 689
14671, 961
16226, 1038
14493, 920
27524, 1487
8467, 625
2641, 357
8319, 637
8491, 645
7871, 646
6416, 605
17197, 1059
14348, 882
14000, 898
25562, 1405
8550, 617
3534, 410
3528, 451
5786, 564
7146, 585
8953, 648
6590, 558
8783, 644
14979, 939
14535, 908
20652, 1237
18022, 1176
16689, 996
3907, 436
4626, 473
8217, 637
11105, 775
8071, 628
11053, 767
9922, 755
23523, 1383
13605, 835
2498, 364
5294, 515
4168, 451
6240, 546
8493, 648
15935, 988
15806, 1056
8513, 688
22029, 1261
12352, 804
5027, 479
4880, 482
7568, 614
7594, 600
11365, 795
13068, 866
12836, 861
16660, 997
13413, 855
16459, 1009
27689, 1518
13298, 888
3532, 424
4150, 442
6714, 566
8517, 639
10449, 727
9240, 682
13655, 887
21455, 1224
20634, 1251
9748, 700
10308, 706
17207, 1006
18523, 1075
20047, 1120
4210, 448
6330, 579
7011, 633
7629, 599
10045, 705
12815, 809
9761, 683
21339, 1189
15722, 955
13283, 918
16886, 1042
17153, 1040
15468, 969
22435, 1205
4549, 448
5232, 498
7922, 639
7320, 656
7018, 594
11379, 773
10689, 723
14756, 915
11458, 763
20881, 1175
21564, 1322
15867, 970
3875, 415
6395, 548
4793, 479
4514, 456
17174, 1029
6164, 539
9832, 698
18244, 1143
9270, 690
16822, 1016
24388, 1350
26157, 1394
5367, 514
6547, 562
7362, 652
10029, 749
7656, 610
11076, 779
11174, 757
8128, 621
16736, 1029
26450, 1482
8422, 646
1366, 320
4341, 464
4661, 465
7273, 589
12249, 815
6012, 536
18931, 1129
14792, 913
8088, 666
21442, 1276
20818, 1170
4034, 431
3745, 429
8759, 649
10034, 718
4475, 462
7325, 595
15597, 1070
13733, 888
16642, 1002
14240, 886
18883, 1093
10258, 698
25680, 1452
21557, 1245
2956, 374
6485, 545
6426, 550
3729, 445
4485, 452
10837, 728
12793, 858
11020, 791
10211, 743
22824, 1267
2871, 377
4701, 474
7256, 580
6407, 538
7942, 604
12392, 810
12474, 838
18040, 1146
24227, 1318
16189, 961
3654, 412
4439, 450
6741, 553
11879, 775
5003, 485
12741, 877
16736, 998
21427, 1210
19097, 1088
17934, 1040
14478, 880
3272, 408
3500, 443
2801, 403
5499, 502
9769, 693
11538, 774
14550, 891
11673, 786
19291, 1102
24168, 1397
12203, 818
2918, 390
2642, 368
12176, 785
11953, 792
10776, 732
11751, 778
11105, 750
11566, 850
25986, 1440
10691, 704
4665, 455
3713, 412
5313, 483
9070, 654
9363, 674
3886, 458
12916, 902
25532, 1445
12577, 798
3911, 428
2351, 347
2741, 380
6631, 557
7584, 610
9278, 661
9857, 742
9903, 757
23148, 1315
17577, 1012
4254, 447
5959, 534
5301, 494
14842, 932
4204, 448
6929, 590
12138, 853
18674, 1096
18214, 1110
8838, 648
14838, 936
11770, 805
19261, 1137
4273, 492
4101, 458
8200, 635
6025, 532
10397, 732
8697, 663
15913, 963
6018, 532
17807, 1096
18815, 1177
17924, 1057
19836, 1131
2877, 391
4026, 439
4621, 469
7444, 598
15373, 1004
15289, 1034
15007, 930
10046, 711
26539, 1452
7818, 588
2422, 359
6765, 566
7374, 604
13003, 927
9746, 736
12033, 802
15967, 989
17745, 1061
16470, 988
22570, 1345
13794, 869
1197, 294
7854, 620
6841, 563
11339, 756
11485, 757
10679, 753
12439, 832
18587, 1140
19565, 1146
12174, 797
20353, 1149
18885, 1062
3290, 392
5383, 502
10854, 787
3603, 453
9856, 739
6223, 519
7926, 595
13264, 831
16583, 990
10910, 729
10868, 738
14601, 986
23058, 1329
16080, 952
1454, 301
2514, 372
5731, 516
7992, 598
14187, 891
9547, 675
11880, 855
6708, 587
16089, 1004
14110, 883
18686, 1053
3067, 378
5129, 483
3569, 406
9780, 699
6260, 596
12743, 879
6765, 552
13233, 850
17254, 1071
19996, 1152
10706, 695
3588, 403
5775, 562
4741, 510
9884, 722
6735, 555
10348, 727
12397, 822
22077, 1209
3123, 389
5227, 498
6661, 570
6756, 625
14604, 978
9728, 703
21636, 1241
11611, 758
3787, 424
4839, 479
7958, 613
14483, 984
13483, 917
19043, 1127
14792, 939
10919, 755
18160, 1089
10028, 711
10824, 818
19144, 1165
19585, 1147
19659, 1117
3645, 431
5903, 555
3382, 403
7748, 607
9419, 731
14793, 983
11172, 772
21426, 1191
5092, 478
6081, 549
6967, 572
7944, 609
14226, 928
5632, 551
12884, 870
10822, 758
27362, 1512
16284, 950
4785, 468
5874, 516
2790, 379
6233, 561
6005, 533
10093, 734
13913, 896
19467, 1122
13560, 844
15946, 958
16578, 1009
20877, 1260
10249, 717
1136, 291
3980, 444
2492, 369
10867, 742
9123, 662
21517, 1202
14631, 920
14858, 974
18067, 1056
16640, 990
10437, 681
1412, 295
4066, 436
3542, 409
8827, 644
9132, 677
13936, 913
13670, 890
20625, 1173
24023, 1323
13809, 847
4722, 455
6291, 546
6119, 599
8191, 683
8934, 649
9206, 666
18283, 1073
9550, 681
25361, 1374
5115, 439
1779, 336
4857, 545
6910, 623
5743, 532
7640, 585
9770, 683
16708, 997
12575, 846
16833, 1006
14476, 941
10595, 777
13677, 872
17444, 1007
2741, 372
1771, 345
2066, 345
8780, 650
9222, 667
5502, 508
10656, 780
9756, 731
12992, 847
20071, 1158
19332, 1083
4188, 434
6567, 559
7327, 602
7309, 613
8023, 671
12653, 876
8037, 619
11999, 802
19116, 1104
18244, 1087
17233, 1047
5904, 534
5363, 521
6001, 559
5369, 513
3044, 389
9857, 703
11698, 803
17886, 1048
15035, 964
17391, 1114
14277, 917
21798, 1213
4197, 443
9549, 694
12847, 824
6217, 558
