2625, 127
5894, 103
2719, 82
12243, 153
7623, 106
6352, 105
11004, 118
12257, 143
19664, 182
22418, 209
16061, 144
4114, 101
4570, 101
7846, 115
5420, 94
8593, 142
10529, 157
11688, 139
20642, 181
10325, 123
19611, 182
17244, 172
19911, 197
18400, 177
9284, 113
7699, 131
3111, 89
5958, 108
11510, 142
5030, 94
11452, 156
5602, 96
15273, 154
16107, 151
18763, 189
22682, 206
18633, 170
8743, 114
2727, 98
3689, 94
1873, 92
5573, 114
9399, 131
7237, 140
9790, 191
11566, 143
12363, 155
11676, 132
20466, 171
3459, 92
4155, 93
10288, 141
7713, 138
6560, 109
15596, 172
14452, 150
16429, 185
6576, 118
18724, 230
9690, 126
21520, 204
19789, 186
1974, 90
4469, 95
8546, 134
4564, 96
9558, 125
10041, 135
18477, 176
16672, 168
14571, 159
20306, 222
3886, 109
6119, 123
4162, 100
7605, 142
7018, 125
8464, 131
10594, 139
22546, 198
9500, 119
3775, 96
6989, 124
4779, 98
9353, 129
14310, 147
11896, 142
13988, 173
16017, 180
10924, 150
17997, 193
16960, 162
12068, 144
22345, 191
3266, 94
8403, 127
3140, 110
9916, 125
9304, 139
14043, 178
9346, 178
15659, 158
17814, 217
17820, 201
16853, 164
16851, 179
18507, 177
1946, 93
4675, 99
5229, 112
9517, 145
7303, 125
8280, 116
11989, 166
10710, 144
11047, 133
10654, 129
19850, 191
10057, 141
4189, 100
7618, 118
5307, 111
4372, 110
9558, 150
11611, 149
9868, 128
17231, 182
16952, 209
18845, 171
3166, 100
7219, 109
10271, 143
12026, 153
12489, 147
13036, 149
9323, 140
14772, 163
13136, 156
20065, 204
19644, 186
13104, 196
16976, 180
21698, 212
11895, 161
18395, 167
1563, 93
6341, 114
10712, 144
8032, 112
6567, 111
10749, 130
15873, 171
11776, 147
12606, 180
6959, 123
23354, 221
12338, 134
3284, 89
4926, 103
4131, 93
8135, 114
10244, 132
16247, 170
15820, 159
13097, 148
19907, 180
15556, 164
14320, 180
11778, 148
17675, 180
11496, 151
4775, 96
6588, 122
5438, 113
7927, 134
3284, 92
3671, 104
13593, 161
7795, 132
20991, 200
8559, 125
23867, 262
10663, 124
5321, 106
5163, 121
6135, 122
13003, 139
10949, 161
17421, 183
4741, 125
12441, 149
8294, 118
21122, 199
16240, 168
17320, 218
1638, 91
3828, 84
8324, 133
6477, 127
15024, 159
25210, 217
11523, 134
1783, 83
1814, 74
2775, 96
5083, 100
11206, 138
11685, 155
12372, 149
18240, 164
11897, 171
12618, 142
23595, 210
9270, 128
4528, 91
6450, 115
6510, 114
8977, 122
7317, 129
10927, 146
13137, 170
18213, 178
23766, 200
3427, 159
1391, 108
7125, 111
11502, 140
4817, 102
5564, 106
6397, 102
12837, 145
10482, 141
21212, 198
17673, 162
2223, 93
3809, 103
7005, 133
6954, 123
9859, 136
5365, 144
12826, 148
17395, 202
24241, 211
9840, 136
2394, 95
4098, 100
10184, 136
7541, 112
13424, 140
8509, 136
18036, 188
5441, 103
19130, 221
8843, 136
2440, 103
3678, 99
6644, 105
8421, 126
13790, 172
13833, 159
13742, 153
10653, 140
13440, 149
13463, 150
14684, 166
14833, 163
22882, 232
2547, 95
6052, 116
6365, 117
9067, 143
13001, 163
5291, 125
14628, 152
18837, 187
16380, 171
11024, 134
20141, 173
4366, 106
1934, 89
7426, 180
8810, 128
7836, 121
6519, 113
11506, 144
14854, 154
15072, 168
21257, 237
8665, 122
2723, 83
6221, 95
7970, 122
9235, 141
12224, 148
12213, 164
12532, 145
25198, 229
12811, 136
4306, 100
5356, 117
4730, 98
10612, 150
4921, 98
7285, 124
12909, 152
18233, 191
14022, 162
13951, 152
22141, 259
10474, 169
2646, 92
11738, 145
8909, 128
8278, 117
5808, 105
14262, 153
11380, 165
13184, 162
20039, 176
21279, 188
12419, 164
15808, 210
22832, 204
13172, 138
2758, 93
3739, 102
5957, 93
12013, 159
9382, 125
7268, 115
6834, 118
11834, 139
8652, 121
16069, 156
15407, 166
15477, 202
17840, 170
2805, 99
7499, 126
6345, 108
7569, 118
5307, 103
6408, 128
14927, 163
14240, 152
11499, 133
20281, 191
20422, 193
2105, 92
4009, 88
4876, 136
10250, 144
13767, 155
21843, 204
6327, 113
15624, 183
20272, 188
3930, 105
2333, 86
5831, 114
7054, 122
9610, 124
9473, 125
8587, 133
14058, 221
12666, 157
15986, 160
17009, 160
15704, 164
15884, 159
17566, 165
17998, 174
3469, 103
6538, 114
6676, 109
8828, 132
7361, 115
4651, 86
5609, 163
12719, 136
17877, 169
13219, 150
16633, 154
1868, 99
6311, 122
2506, 81
7292, 111
6292, 128
5324, 104
13153, 138
23617, 212
14161, 155
3020, 99
2531, 140
4472, 113
9765, 132
11930, 141
9481, 130
10231, 143
14895, 156
21663, 196
15469, 167
21892, 192
13557, 164
3351, 101
7360, 118
11820, 182
12213, 152
10983, 146
7012, 113
11005, 142
9484, 123
19177, 176
4667, 121
3935, 108
5494, 103
5074, 97
8655, 143
11800, 145
5119, 103
8055, 127
16013, 196
16755, 182
20229, 190
16122, 174
3992, 122
3757, 95
3005, 94
8061, 125
9885, 129
5807, 118
10666, 140
10967, 135
14348, 150
13559, 167
21119, 232
19798, 182
30641, 250
2497, 83
3805, 82
15028, 156
8831, 113
12328, 148
6353, 119
13722, 147
13581, 156
21173, 210
23653, 206
16202, 192
5939, 117
7850, 118
10644, 148
6938, 123
10593, 163
10482, 143
8591, 124
9042, 120
14683, 161
18342, 201
21138, 190
11603, 129
5393, 154
9466, 127
9663, 119
9789, 126
14519, 160
12226, 155
14730, 165
18896, 186
19803, 192
18626, 197
11316, 131
21125, 189
7163, 129
24437, 243
5784, 108
3032, 83
6753, 110
6396, 122
8834, 113
4995, 115
11748, 132
11754, 142
8418, 135
13532, 153
18111, 188
21781, 206
15271, 153
2677, 136
2013, 90
5624, 113
7056, 123
11076, 140
17177, 217
13765, 169
18745, 183
2874, 95
3914, 95
6615, 107
4255, 102
13465, 158
16162, 168
12289, 189
23574, 203
5588, 108
20466, 194
5967, 106
3593, 105
5151, 118
5828, 98
8376, 132
5891, 102
9502, 137
20512, 205
22533, 226
9720, 139
17807, 217
20012, 186
13031, 142
2869, 94
3917, 113
4631, 112
8246, 126
5387, 113
10404, 128
14248, 179
17441, 170
19551, 184
3237, 83
3018, 100
5421, 163
6228, 112
8381, 131
12901, 142
14547, 163
15304, 168
12379, 152
9642, 124
12958, 152
22782, 192
4202, 110
5694, 104
3363, 96
6490, 105
10539, 139
9863, 158
14720, 176
16177, 169
14679, 165
27608, 238
8568, 113
2637, 84
8090, 114
8594, 128
7889, 115
6462, 115
16921, 165
14577, 149
14050, 190
25625, 222
8577, 123
3454, 93
3547, 92
5862, 121
7101, 110
8877, 118
6573, 122
8915, 125
15193, 175
14464, 157
20758, 184
17923, 181
16612, 208
3832, 103
4550, 105
8119, 127
10984, 153
8153, 119
11120, 135
9731, 134
23386, 221
13958, 156
2504, 98
5347, 107
4192, 101
6203, 121
8573, 122
15741, 211
15598, 158
8385, 130
22154, 202
12264, 146
4980, 113
4965, 115
7517, 118
7694, 116
11509, 140
13146, 156
13176, 137
16318, 164
13398, 153
16397, 219
19173, 181
3324, 108
5085, 96
5539, 108
8363, 126
10149, 128
11875, 138
10420, 130
15257, 164
23617, 210
22957, 203
7502, 114
1954, 137
4274, 103
5559, 101
9833, 134
11546, 142
13798, 163
13632, 151
13206, 143
16206, 177
19745, 185
14574, 160
21529, 183
3450, 90
3924, 104
5824, 157
6895, 122
6924, 115
15301, 162
16699, 183
14924, 156
19141, 184
15214, 164
13935, 146
21148, 188
12883, 141
3631, 106
3612, 91
7785, 111
9220, 171
10902, 140
12159, 140
16334, 167
10247, 143
8815, 127
21097, 188
1858, 81
3926, 98
8436, 112
4757, 104
9283, 137
14358, 157
23663, 224
21856, 250
13790, 153
3994, 98
6332, 109
5263, 123
8148, 115
8567, 128
6450, 112
13454, 154
21939, 220
10149, 140
6726, 116
16316, 168
14428, 157
19960, 213
19944, 186
1971, 93
7515, 125
6804, 127
4115, 99
11871, 144
17637, 199
14492, 160
10594, 157
21148, 198
21174, 178
6073, 104
2306, 108
6205, 124
6402, 124
8435, 119
7838, 128
11055, 150
6297, 112
16499, 198
20872, 197
15093, 158
23765, 213
14165, 158
1716, 100
2469, 98
6417, 148
8211, 132
7464, 111
7223, 124
24349, 207
8095, 128
3431, 89
5535, 104
5186, 102
6764, 120
10759, 149
10941, 146
16106, 180
21934, 207
21318, 250
12331, 143
2991, 90
4957, 105
9639, 135
4201, 92
11006, 143
14727, 155
19237, 184
17350, 163
16493, 185
19041, 179
12103, 142
2466, 79
2271, 116
4344, 113
8181, 121
10033, 152
12987, 164
10311, 143
17159, 177
21740, 206
16125, 174
15716, 161
10679, 138
28427, 232
5197, 136
5653, 120
7030, 142
7050, 118
7786, 119
18452, 189
11093, 147
19486, 191
11330, 143
14118, 154
20929, 198
13672, 154
1186, 88
5137, 104
11759, 197
9185, 136
10666, 138
5241, 102
5515, 97
11766, 162
12369, 139
14692, 162
14730, 149
14178, 162
22485, 200
5067, 102
6067, 118
7874, 108
6648, 185
17789, 170
4774, 97
7701, 118
13736, 179
20531, 185
19822, 191
6827, 100
2677, 100
2869, 77
8364, 124
9879, 124
7732, 114
14008, 160
9485, 122
15243, 201
11966, 150
21690, 207
5634, 101
3998, 94
5518, 118
6134, 111
11558, 161
7861, 125
8970, 122
8820, 126
12931, 149
25450, 215
16517, 166
4249, 133
3576, 97
10993, 121
5324, 100
6713, 105
15150, 170
14339, 162
22633, 197
11169, 139
3679, 108
6385, 109
8355, 116
8508, 127
12591, 142
11778, 158
4300, 112
22274, 197
16292, 163
24374, 214
15716, 157
3334, 120
4951, 95
8547, 139
10075, 141
6879, 126
12024, 146
16882, 166
13326, 138
17094, 234
19429, 184
1476, 102
5141, 97
3721, 107
4989, 108
8915, 132
11785, 159
8034, 126
8130, 132
11267, 140
18095, 181
18741, 180
5936, 105
1884, 77
4149, 126
6612, 141
11998, 148
8457, 119
10587, 129
5859, 108
14857, 186
12853, 150
24618, 228
11599, 129
3541, 108
2760, 103
7930, 125
5297, 104
10790, 204
6083, 121
11659, 147
15581, 160
18309, 190
13996, 156
18706, 187
16390, 166
2573, 104
6285, 105
4634, 105
7494, 124
9443, 134
25360, 257
8061, 109
3757, 91
4947, 110
5436, 103
12298, 147
8477, 120
18923, 175
14937, 170
15396, 153
14766, 155
21398, 201
23442, 204
5011, 105
8433, 170
7625, 118
6358, 111
11248, 147
6416, 118
7358, 107
13331, 141
14212, 159
20746, 191
20218, 192
16636, 177
1811, 93
4780, 109
6457, 110
10767, 183
8484, 131
24606, 216
12640, 150
4173, 100
5425, 136
6239, 112
12012, 139
4931, 102
11306, 149
9657, 135
24559, 225
14802, 169
4751, 107
6063, 166
2819, 107
6205, 102
5931, 119
10106, 137
13916, 150
19834, 192
13762, 142
15764, 171
16373, 162
14508, 149
2359, 87
1724, 96
5152, 109
3137, 83
12962, 223
10554, 139
24423, 222
11311, 146
3633, 105
5920, 107
6312, 108
6316, 124
3874, 103
9109, 128
6921, 126
15473, 176
14988, 151
21375, 208
20233, 199
20821, 190
5285, 122
5671, 96
8895, 129
10212, 146
8958, 134
11216, 141
11772, 152
11818, 143
22794, 208
8424, 121
5638, 108
2122, 102
3372, 117
7928, 114
10053, 140
7798, 124
10173, 145
12256, 147
20786, 193
15258, 160
20063, 187
11704, 125
1986, 79
3503, 82
7692, 122
5939, 106
3409, 99
3498, 133
13621, 164
13597, 148
7721, 124
14639, 173
12868, 157
17109, 174
17847, 171
5216, 115
5926, 114
8463, 122
9059, 150
8766, 120
9491, 130
14166, 187
9188, 148
13470, 159
20956, 185
19818, 178
12838, 150
1349, 77
7651, 109
8017, 129
6459, 110
3507, 103
11331, 136
13328, 153
19790, 190
16324, 198
18948, 183
11116, 125
5969, 108
5912, 111
12328, 153
15983, 164
7493, 115
