28656, 136, 23.5383, 
54225, 125, 36.7985, 
22569, 78, 12.5906, 
35535, 66, 47.2117, 
35880, 147, 24.537, 
20816, 68, 17.6722, 
45147, 100, 27.0204, 
30199, 64, 26.8648, 
31568, 52, 39.2015, 
33347, 125, 39.9872, 
26292, 68, 37.9605, 
38305, 87, 35.3763, 
22510, 59, 29.1875, 
22724, 45, 37.5089, 
24178, 116, 20.662, 
51215, 131, 27.8291, 
27274, 60, 29.2883, 
26861, 65, 28.9133, 
37196, 67, 45.1952, 
19935, 48, 20.4515, 
31297, 63, 35.1531, 
32382, 131, 28.4477, 
51350, 130, 30.4923, 
24182, 64, 26.3316, 
36103, 104, 16.7219, 
54995, 88, 67.4171, 
34721, 156, 19.4477, 
30040, 80, 28.1773, 
26459, 55, 43.9031, 
28381, 147, 16.3112, 
28652, 71, 31.7972, 
29586, 104, 13.8036, 
24935, 44, 33.5153, 
46101, 193, 31.3265, 
27094, 65, 33.5204, 
43065, 83, 37.3189, 
26509, 58, 28.1467, 
17449, 50, 17.5344, 
25299, 51, 24.2079, 
20603, 49, 23.3929, 
23526, 176, 8.6926, 
23173, 60, 21.5523, 
23100, 53, 30.7245, 
48275, 113, 20.0702, 
22992, 46, 24.0676, 
23993, 48, 25.463, 
37415, 147, 24.4235, 
41560, 119, 20.8916, 
32967, 58, 49.0969, 
35632, 131, 30.4974, 
26099, 76, 25.7194, 
27616, 56, 48.4158, 
25087, 55, 29.9681, 
40712, 93, 21.2143, 
52572, 89, 43.6071, 
30515, 57, 34.9566, 
38973, 133, 36.1849, 
23636, 103, 13.0612, 
23987, 58, 33.6964, 
55702, 149, 15.7168, 
31687, 61, 33.0306, 
41218, 131, 40.9196, 
41540, 151, 17.5472, 
24325, 50, 27.9426, 
30081, 59, 40.2985, 
33085, 157, 17.4477, 
43544, 100, 30.3508, 
33256, 76, 28.2283, 
33789, 61, 45.6365, 
37931, 130, 36.8584, 
37351, 100, 28.5855, 
28550, 50, 53.0982, 
39785, 132, 34.838, 
31752, 75, 37.6135, 
23633, 74, 19.1454, 
35843, 83, 29.4184, 
18577, 47, 22.9324, 
36386, 106, 23.3431, 
23129, 56, 26.0548, 
33804, 116, 49.3648, 
36667, 108, 26.3508, 
19803, 50, 33.5332, 
25961, 48, 42.8954, 
29989, 131, 22.8852, 
51480, 109, 36.0791, 
27859, 45, 46.3125, 
28624, 102, 33.2156, 
39125, 93, 34.9222, 
41154, 89, 35.1913, 
18268, 51, 21.602, 
21929, 46, 32.3776, 
26818, 118, 27.9643, 
39421, 132, 18.6888, 
30866, 54, 45.8214, 
34483, 125, 29.3712, 
35089, 76, 52.2628, 
39708, 133, 15.0548, 
28922, 60, 38.7156, 
34137, 125, 29.2436, 
35863, 86, 39.1008, 
54475, 151, 23.176, 
25204, 48, 34.0561, 
40502, 140, 35.301, 
35044, 87, 32.1492, 
54294, 134, 27.861, 
21331, 52, 26.0434, 
30656, 65, 37.7972, 
27010, 136, 17.7679, 
33119, 88, 29.0663, 
28558, 77, 24.8367, 
24660, 50, 36.7117, 
28352, 135, 23.3865, 
36079, 108, 23.1186, 
22574, 52, 29.5804, 
31780, 80, 23.1798, 
20528, 55, 21.8393, 
19400, 42, 19.1658, 
28668, 56, 32.7156, 
29898, 139, 21.5867, 
32143, 76, 37.2372, 
25222, 46, 47.1633, 
34351, 144, 25.6607, 
36851, 131, 17.0293, 
20791, 52, 30.9439, 
46069, 156, 32.1594, 
37914, 104, 24.1658, 
35321, 73, 37.213, 
22619, 44, 33.6977, 
35332, 103, 49.0357, 
29866, 86, 28.8929, 
21054, 50, 44.2423, 
31709, 104, 49.5166, 
25901, 58, 46.0395, 
36556, 81, 40.8814, 
24293, 54, 36.2283, 
19427, 52, 22.6441, 
21643, 47, 32.2079, 
25713, 112, 25.8941, 
34132, 87, 35.9911, 
25860, 52, 32.648, 
27864, 76, 20.0026, 
29746, 72, 23.9707, 
33604, 61, 28.8316, 
16473, 48, 14.6747, 
30100, 54, 31.389, 
26566, 155, 13.8291, 
26610, 53, 39.7577, 
30245, 57, 50.1352, 
26136, 109, 30.9158, 
58969, 186, 21.4681, 
20430, 43, 29.8087, 
53123, 161, 39.0625, 
38478, 105, 25.6594, 
23716, 58, 24.7755, 
23397, 95, 12.5995, 
31207, 52, 38.6952, 
39055, 160, 27.0702, 
23223, 59, 29.8814, 
36883, 82, 29.8125, 
33767, 91, 19.5663, 
25484, 56, 31.5, 
32712, 120, 32.7551, 
24516, 50, 44.6977, 
38629, 88, 38.9005, 
38000, 92, 28.6314, 
26567, 52, 39.6926, 
38366, 144, 27.588, 
53436, 149, 23.5077, 
21325, 57, 18.2487, 
20738, 55, 25.1901, 
20241, 53, 21.648, 
37059, 67, 42.2615, 
40738, 122, 40.2296, 
45548, 117, 25.3992, 
25619, 56, 30.3278, 
38237, 126, 10.4273, 
23100, 74, 9.88648, 
35620, 51, 33.2487, 
24420, 134, 17.0319, 
25272, 52, 41.5727, 
24907, 82, 15.3686, 
26701, 51, 39.4503, 
33167, 139, 22.9464, 
25584, 58, 47.4222, 
23372, 49, 31.5217, 
25287, 64, 28.9592, 
33486, 53, 49.6071, 
32433, 109, 35.1186, 
21413, 54, 48.1135, 
36371, 151, 11.6237, 
20057, 52, 27.3814, 
37771, 176, 16.4477, 
23907, 51, 37.9158, 
39441, 96, 26.9094, 
28624, 58, 38.5727, 
56613, 248, 14.463, 
17792, 45, 24.2232, 
27868, 100, 38.9554, 
32328, 102, 24.1901, 
26238, 54, 48.4528, 
39019, 99, 69.5242, 
48396, 127, 41.2423, 
21592, 76, 15.8648, 
25338, 92, 11.125, 
18576, 59, 13, 
17326, 39, 19.8546, 
36322, 123, 36.2156, 
40316, 91, 32.0791, 
23948, 65, 30.6314, 
33174, 71, 39.8316, 
37062, 92, 23.4732, 
37009, 79, 22.5344, 
33781, 55, 38.9668, 
33507, 143, 20.1046, 
22933, 58, 39.3291, 
21984, 48, 40.6327, 
27753, 106, 31.1824, 
38953, 99, 34.1837, 
41924, 115, 23.6467, 
21856, 46, 30.5179, 
23440, 51, 32.0906, 
42624, 135, 39.625, 
27498, 52, 67.4503, 
29110, 118, 30.2066, 
24667, 130, 8.79337, 
40593, 76, 33.2232, 
37073, 61, 44.8367, 
31441, 170, 15.8622, 
20909, 79, 15.7219, 
24922, 75, 15.5255, 
22685, 44, 28.2232, 
30831, 132, 20.6531, 
29936, 79, 38.3839, 
25477, 61, 42.3469, 
29456, 120, 19.4184, 
29762, 79, 23.5829, 
27201, 56, 34.324, 
32907, 201, 26.602, 
31288, 95, 32.0064, 
22090, 88, 14.9885, 
21075, 54, 31.4668, 
37868, 167, 37.8342, 
37076, 116, 47.6901, 
48340, 181, 25.5574, 
44248, 139, 20.9668, 
41151, 178, 24.9528, 
41947, 76, 48.2309, 
39610, 159, 29.0446, 
28871, 61, 43.014, 
32347, 83, 23.4605, 
30408, 63, 45.2334, 
29862, 460, 11.6671, 
22985, 326, 37.6097, 
33248, 460, 22.6964, 
30781, 234, 21.6212, 
30273, 75, 22.8189, 
24158, 114, 32.6454, 
34137, 161, 32.375, 
27360, 515, 44.5357, 
44320, 200, 38.2436, 
39371, 226, 33.5013, 
35426, 146, 23.5459, 
21291, 62, 26.3865, 
29761, 139, 24.4056, 
39918, 115, 24.1645, 
20077, 50, 22.5587, 
31706, 96, 47.0957, 
24336, 1009, 21.7577, 
38527, 140, 37.8992, 
36468, 121, 29.9426, 
23594, 75, 35.023, 
27970, 117, 42.3814, 
25265, 578, 14.7934, 
27103, 351, 35.9898, 
31440, 58, 41.1671, 
22150, 43, 32.6008, 
24175, 317, 19.9809, 
27562, 70, 47.9158, 
29131, 131, 39.1263, 
25051, 122, 11.9209, 
25763, 51, 35.1531, 
32338, 204, 33.3686, 
34536, 101, 25.3138, 
53503, 288, 18.0727, 
24653, 79, 28.0867, 
28522, 61, 32.8814, 
31333, 210, 29.6798, 
77933, 302, 38.139, 
19759, 53, 20.0957, 
33676, 73, 24.3878, 
30949, 57, 38.5089, 
41655, 208, 37.4222, 
35161, 95, 35.7538, 
27230, 122, 39.7844, 
20596, 87, 34.0102, 
38096, 152, 30.1467, 
22021, 169, 54.6709, 
38509, 152, 35.9515, 
39925, 241, 37.4184, 
24549, 117, 32.6301, 
36047, 234, 22.2398, 
30539, 105, 40.8941, 
24794, 332, 16.1046, 
47085, 613, 19.9324, 
23264, 57, 31.5038, 
48219, 372, 40.0855, 
42578, 187, 27.7526, 
29323, 136, 24.7258, 
24096, 51, 36.4056, 
34791, 166, 22.8418, 
25324, 75, 23.463, 
44257, 72, 72.2602, 
27761, 95, 42.2844, 
45358, 141, 32.1696, 
23248, 73, 18.875, 
26621, 68, 39.6952, 
33684, 235, 28.1314, 
52250, 281, 28.736, 
24081, 92, 39.6633, 
43573, 265, 38.4286, 
36325, 155, 20.6352, 
30088, 118, 24.4311, 
22103, 75, 32.4643, 
21222, 70, 25.0548, 
27053, 82, 24.4898, 
20782, 67, 23.6378, 
41064, 195, 28.0625, 
21599, 56, 46.4439, 
33365, 135, 30.1735, 
24496, 113, 20.3992, 
23167, 135, 16.4911, 
28142, 193, 26.102, 
17016, 73, 16.949, 
31169, 77, 28.7015, 
22159, 55, 25.4413, 
28311, 207, 23.8597, 
34316, 115, 36.2245, 
31723, 123, 25.2895, 
31483, 80, 47.0753, 
37786, 168, 29.9758, 
30524, 108, 29.1288, 
48232, 146, 17.2526, 
14534, 41, 17.4311, 
31833, 51, 36.8393, 
37477, 151, 31.0804, 
24464, 75, 22.5893, 
21644, 54, 36.3712, 
29009, 57, 48.2589, 
25733, 142, 18.6824, 
37893, 111, 24.6824, 
31117, 82, 22.6046, 
29598, 71, 39.8916, 
42985, 150, 44.3916, 
27151, 82, 61.1327, 
26940, 117, 15.7781, 
26267, 62, 34.3048, 
29815, 60, 39.9439, 
24679, 203, 9.62755, 
55842, 154, 20.1773, 
29875, 57, 36.6441, 
64091, 220, 32.75, 
25650, 59, 37.301, 
41562, 102, 30.8202, 
42009, 106, 23.8495, 
30016, 69, 34.3929, 
27962, 143, 27.7066, 
40775, 143, 31.6467, 
44667, 94, 30.764, 
24240, 58, 25.8622, 
23019, 63, 24.1849, 
20960, 54, 24.8992, 
29834, 68, 34.227, 
45493, 192, 30.4222, 
36876, 85, 41.2092, 
33049, 95, 31.7219, 
20591, 47, 33.8776, 
30483, 137, 24.0753, 
25134, 122, 13.1849, 
20337, 86, 13.8087, 
23010, 70, 27.3316, 
41873, 67, 35.4005, 
38817, 89, 24.0115, 
38076, 66, 40.2653, 
30775, 193, 16.3457, 
22547, 51, 39.1582, 
23737, 96, 11.8967, 
20788, 54, 28.3048, 
41799, 247, 20.0663, 
26624, 122, 15.051, 
21920, 54, 32.3151, 
38840, 74, 51.8125, 
33912, 364, 40.3329, 
24806, 108, 26.6033, 
26027, 90, 15.6709, 
34094, 139, 20.8929, 
30270, 52, 37.7768, 
39815, 144, 38.4528, 
28299, 271, 26.2538, 
32085, 77, 25.0651, 
29947, 63, 32.6569, 
31905, 834, 42.8559, 
31722, 171, 27.8903, 
52789, 123, 35.9222, 
33766, 89, 29.639, 
27117, 823, 29.4566, 
32819, 81, 45.1365, 
34394, 112, 55.574, 
21704, 50, 46.7679, 
34137, 91, 35.6084, 
24882, 75, 19.3406, 
25262, 60, 27.3036, 
23736, 238, 20.8125, 
44264, 674, 54.2538, 
34501, 125, 41.9847, 
37780, 123, 24.3929, 
27945, 844, 25.4439, 
20813, 68, 19.6658, 
21323, 55, 28.2245, 
24492, 50, 32.9936, 
24245, 163, 12.6531, 
42990, 1140, 17.7092, 
37216, 83, 31.9171, 
24434, 51, 29.9783, 
37844, 129, 33.6454, 
27477, 64, 35.3048, 
41514, 1133, 35.6046, 
31921, 84, 23.2564, 
20876, 65, 13.838, 
25075, 57, 30.7691, 
42019, 1163, 31.2895, 
25650, 87, 15.9401, 
43114, 100, 26.1671, 
30978, 74, 23.7653, 
29050, 57, 28.5179, 
23503, 57, 24.6173, 
35592, 900, 34.6696, 
33865, 97, 30.3992, 
34261, 55, 62.7908, 
26360, 1959, 23.1365, 
28707, 112, 24.3099, 
38438, 104, 70.8125, 
25690, 171, 33.963, 
29388, 81, 39.5051, 
39524, 132, 17.8329, 
26034, 67, 33.9732, 
34616, 59, 29.8125, 
33826, 57, 42.1531, 
43287, 123, 42.4286, 
23103, 59, 38.162, 
24308, 46, 52.2168, 
32670, 111, 48.3992, 
24043, 67, 51, 
45933, 117, 26.8393, 
43688, 88, 33.6224, 
24592, 56, 29.2628, 
16905, 55, 21.1403, 
32672, 145, 19.6569, 
31565, 88, 28.986, 
26839, 152, 32.9426, 
23132, 85, 34.9005, 
40553, 168, 25.1875, 
38773, 80, 48.3125, 
31254, 60, 57.6684, 
35932, 122, 45.7934, 
41655, 108, 37.7679, 
28188, 61, 46.5242, 
29269, 62, 33.8304, 
32008, 72, 35.8189, 
27534, 798, 41.162, 
37583, 154, 39.0064, 
34112, 86, 33.3138, 
27566, 90, 18.514, 
27689, 64, 32.4668, 
24471, 861, 10.139, 
44438, 75, 46.5204, 
54085, 159, 51.3712, 
26617, 851, 19.2972, 
43149, 115, 31.727, 
31840, 72, 24.8444, 
24507, 802, 28.9362, 
18919, 83, 13.6913, 
24636, 46, 28.8138, 
51902, 1820, 25.5625, 
57684, 237, 16.5064, 
21388, 894, 24.4592, 
22212, 94, 29.8929, 
57991, 228, 33.3061, 
36193, 110, 31.1862, 
25711, 72, 23.7755, 
20385, 819, 12.4923, 
29437, 77, 26.8202, 
25796, 109, 27.4643, 
37260, 145, 35.6314, 
30303, 67, 47.8227, 
25182, 142, 33.6288, 
32343, 785, 59.7347, 
32845, 171, 26.0102, 
37740, 111, 23.8546, 
22041, 49, 31.0944, 
28118, 87, 16.2883, 
35782, 61, 44.1594, 
45528, 902, 45.0548, 
45254, 120, 29.8457, 
31160, 63, 51.5765, 
22889, 151, 11.0472, 
19903, 60, 37.0204, 
22834, 166, 13.324, 
32577, 87, 32.1008, 
22197, 60, 31.7577, 
21884, 52, 27.5038, 
23952, 68, 32.4617, 
32088, 156, 19.1135, 
40742, 101, 26.3074, 
30057, 56, 50.1033, 
39353, 142, 49.051, 
31929, 118, 19.1633, 
43327, 103, 31.9324, 
22104, 48, 33.0446, 
34188, 145, 28.5855, 
33231, 90, 25.1594, 
33602, 77, 24.4668, 
24476, 74, 22.2717, 
24022, 59, 32.0944, 
33349, 175, 17.6811, 
54430, 114, 28.8954, 
25773, 47, 34.986, 
29644, 103, 38.5625, 
31557, 73, 56.4911, 
57372, 137, 29.1569, 
19816, 56, 18.8074, 
26662, 61, 25.7245, 
29486, 67, 23.7423, 
21617, 50, 26.7296, 
38415, 139, 35.8686, 
24227, 66, 35.4745, 
43103, 125, 33.1327, 
50295, 111, 24.088, 
15401, 40, 17.3673, 
29924, 83, 21.4707, 
47241, 76, 49.8342, 
36241, 117, 37.0013, 
34265, 89, 34.8469, 
50480, 156, 16.3916, 
48134, 100, 24.912, 
32883, 61, 34.5038, 
29154, 133, 27.6492, 
25091, 68, 36.0727, 
38342, 79, 35.4668, 
22666, 52, 28.9987, 
33140, 63, 49.4745, 
32339, 158, 20.0906, 
39954, 116, 23.5804, 
34114, 63, 50.801, 
42715, 132, 40.7296, 
34269, 96, 30.5179, 
32936, 105, 21.1505, 
31679, 70, 47.1097, 
34918, 117, 35.0842, 
31304, 83, 30.6161, 
33461, 71, 50.4783, 
23520, 74, 21.9426, 
30993, 73, 31.0957, 
37578, 91, 21.7411, 
24530, 48, 28.0102, 
30559, 124, 27.3635, 
37706, 119, 28.875, 
34971, 106, 18.3457, 
19673, 58, 21.9107, 
27170, 56, 33.1492, 
50283, 183, 28.4974, 
26541, 66, 37.2755, 
31619, 73, 29.6926, 
21876, 44, 36.5651, 
34616, 861, 34.4005, 
33169, 99, 28.5676, 
23026, 66, 39.0485, 
25703, 873, 42.1888, 
29748, 135, 26.4018, 
38111, 92, 30.8571, 
23658, 62, 23.9452, 
30838, 52, 51.2513, 
31574, 110, 39.5918, 
40638, 1186, 22.1926, 
27675, 968, 33.0957, 
22402, 75, 19.889, 
23224, 56, 23.7181, 
22437, 44, 27.7857, 
34508, 901, 44.0676, 
41936, 108, 38.4133, 
36206, 1885, 18.6263, 
29222, 55, 43.4133, 
33350, 869, 31.4528, 
17785, 76, 44.4464, 
31761, 926, 30.8316, 
22997, 81, 36.1952, 
34914, 93, 29.1671, 
26156, 53, 36.9375, 
31459, 278, 36.3661, 
23718, 683, 31.7398, 
36588, 1018, 36.0548, 
29142, 104, 26.4082, 
34179, 88, 29.4439, 
36196, 74, 46.0013, 
22064, 44, 29.3138, 
24729, 47, 30.9515, 
31983, 135, 25.8431, 
27250, 79, 32.1645, 
35814, 100, 32.3253, 
25102, 91, 33.8291, 
36573, 128, 25.6811, 
27097, 61, 33.5523, 
36273, 106, 47.2015, 
45089, 114, 41.0102, 
34327, 105, 17.6263, 
30678, 91, 16.7615, 
20910, 44, 26.3329, 
36553, 133, 26.2474, 
42139, 81, 38.1645, 
22094, 48, 36.625, 
38829, 139, 38.3253, 
22829, 71, 33.3661, 
30588, 126, 28.736, 
26915, 116, 32.5855, 
24021, 63, 35.3954, 
31092, 138, 23.8367, 
34890, 83, 47.2679, 
25939, 70, 31.3737, 
41088, 106, 23.5191, 
38675, 100, 27.7003, 
40733, 860, 26.3227, 
23328, 59, 22.0344, 
39631, 60, 42.3444, 
33867, 118, 41.0408, 
40427, 122, 32.2997, 
30128, 631, 37.5995, 
33787, 365, 27.3827, 
33400, 82, 22.9605, 
28529, 51, 32.0982, 
35259, 82, 26.0816, 
30489, 813, 32.5281, 
31175, 167, 22.5765, 
23928, 53, 37.3074, 
43399, 85, 35.4528, 
30902, 65, 34.5472, 
25406, 771, 33.9324, 
29893, 109, 39.9401, 
43361, 912, 22.5536, 
24571, 118, 17.5702, 
40879, 65, 55.3852, 
32594, 939, 17.0753, 
24498, 67, 23.8584, 
24267, 56, 39.8584, 
23975, 911, 18.4426, 
49295, 132, 30.111, 
47817, 91, 40.2793, 
38671, 65, 57.6199, 
34610, 868, 47.5893, 
28282, 84, 39.2105, 
52392, 131, 35.3814, 
24014, 65, 38.8457, 
35599, 926, 24.7079, 
27339, 70, 31.199, 
30769, 82, 27.3202, 
18847, 75, 17.9962, 
32584, 820, 33.0472, 
35677, 68, 47.5791, 
26426, 148, 20.0434, 
35252, 907, 11.9069, 
33307, 98, 26.8342, 
20178, 43, 22.0918, 
24173, 50, 28.1952, 
50305, 161, 38.6875, 
25657, 859, 16.7028, 
28366, 76, 46.4209, 
33682, 125, 32.4579, 
25151, 102, 15.6773, 
25773, 67, 38.273, 
33003, 830, 49.2934, 
37436, 934, 35.7513, 
35784, 104, 23.0574, 
25241, 51, 41.4758, 
39017, 129, 38.2793, 
25967, 112, 14.3138, 
23275, 63, 20.6263, 
34107, 68, 38.2819, 
30556, 60, 30.2526, 
26651, 801, 32.8125, 
35586, 147, 25.6071, 
23374, 55, 31.2398, 
34049, 143, 15.5051, 
26725, 48, 36.4184, 
48063, 151, 41.2474, 
46636, 133, 27.0089, 
24258, 798, 39.4656, 
43112, 2906, 31.2946, 
24859, 425, 14.8929, 
27809, 84, 14.3788, 
24308, 48, 30.0153, 
44003, 161, 31.4107, 
33135, 85, 24.6684, 
32133, 81, 20.1645, 
44330, 85, 59.4758, 
26422, 133, 25.227, 
44718, 181, 29.6237, 
20608, 49, 34.3125, 
27953, 133, 24.6378, 
39740, 111, 25.7245, 
21425, 50, 34.3151, 
29615, 67, 30.5013, 
29183, 53, 39.4809, 
33521, 102, 47.9107, 
31313, 93, 42.1416, 
33701, 92, 31.9923, 
32880, 84, 27.8737, 
35350, 68, 31.4732, 
33890, 65, 45.3444, 
26701, 155, 16.3418, 
46346, 112, 35.3622, 
24979, 48, 40.8176, 
51361, 265, 47.0459, 
57546, 138, 38.2628, 
37513, 80, 32.2883, 
25164, 61, 34.2934, 
21518, 58, 28.9171, 
33226, 149, 21.7028, 
24657, 94, 13.4337, 
33142, 86, 20.9401, 
25115, 45, 31.3788, 
35785, 131, 32.2245, 
31907, 82, 35.926, 
34949, 109, 25.2232, 
29853, 75, 37.6633, 
31997, 82, 43.1952, 
35168, 160, 28.861, 
33895, 92, 26.0306, 
23190, 75, 16.3418, 
38664, 61, 57.8151, 
44460, 136, 45.6263, 
37690, 89, 34.8584, 
18800, 47, 32.7908, 
28799, 148, 27.1913, 
29261, 98, 25.2921, 
38029, 62, 51.1773, 
27357, 140, 27.2921, 
31735, 86, 42.6084, 
23746, 106, 22.3559, 
22309, 61, 25.2666, 
23124, 56, 34.5804, 
37434, 134, 30.1161, 
27360, 140, 10.7589, 
20880, 45, 31.352, 
38036, 104, 55.6709, 
34488, 93, 35.5281, 
21312, 54, 35.2423, 
22710, 73, 14.4885, 
23623, 91, 13.3941, 
20715, 48, 25.9668, 
28345, 125, 24.5587, 
29929, 91, 26.1607, 
27700, 80, 24.2156, 
26471, 80, 21.7551, 
33671, 60, 45.5217, 
44220, 137, 45.2474, 
36395, 110, 37.6454, 
29670, 131, 36.5459, 
23972, 76, 25.5446, 
38994, 71, 57.5918, 
20181, 157, 13.2806, 
23472, 93, 19.4503, 
18682, 47, 29.8278, 
27907, 79, 40.9043, 
36052, 251, 35.6276, 
25821, 119, 16.1161, 
25416, 87, 24.5446, 
28771, 79, 17.9056, 
31478, 83, 39.2079, 
38852, 555, 38.1735, 
27205, 93, 24.9464, 
23223, 67, 38.9158, 
34153, 113, 23.3916, 
27391, 166, 33.5753, 
27182, 66, 23.8839, 
33805, 53, 39.0829, 
23120, 513, 12.9413, 
30117, 3188, 35.1161, 
25027, 888, 34.1888, 
27353, 100, 29.6543, 
32809, 116, 44.3393, 
28144, 230, 25.4235, 
42217, 3067, 25.1339, 
20903, 84, 21.7755, 
43457, 98, 28.3367, 
40088, 64, 49.8622, 
33656, 128, 42.6033, 
19929, 60, 36.5791, 
38371, 122, 22.1837, 
31702, 63, 52.2895, 
34987, 395, 20.2985, 
31018, 96, 21.1773, 
25645, 65, 42.1582, 
23447, 59, 35.2334, 
38081, 132, 49.7832, 
42697, 127, 31.6786, 
41510, 111, 33.2079, 
39698, 82, 39.2934, 
28864, 58, 39.0816, 
44369, 150, 32.8597, 
29584, 74, 40.7347, 
30638, 77, 33.1901, 
26057, 102, 10.6684, 
39323, 76, 48.7258, 
27126, 104, 32.301, 
34268, 82, 43.7321, 
33812, 86, 37.6824, 
18715, 49, 29.801, 
21832, 47, 30.7602, 
27185, 56, 40.7079, 
39087, 131, 38.4196, 
32443, 105, 22.2092, 
31164, 65, 33.3967, 
27715, 56, 41.6633, 
31206, 119, 29.2041, 
41353, 105, 33.7755, 
27356, 59, 50.9668, 
23090, 547, 13.9401, 
29710, 79, 31.8061, 
22925, 74, 17.2028, 
52682, 134, 19.4082, 
27278, 61, 29.0587, 
31638, 64, 32.9885, 
45493, 188, 19.7296, 
23058, 84, 17.9235, 
32288, 97, 22.4477, 
26895, 141, 32.7194, 
32694, 230, 30.9987, 
22619, 123, 12.7768, 
20457, 81, 15.9987, 
28878, 89, 26.8992, 
25147, 83, 30.8686, 
32706, 139, 45.9579, 
26259, 89, 27.0319, 
47260, 144, 29.5434, 
35659, 139, 14.4923, 
26365, 58, 32.3673, 
46111, 168, 25.4311, 
23767, 53, 44.2066, 
33460, 143, 27.3138, 
31859, 93, 31.8036, 
21211, 83, 16.9758, 
25238, 50, 37.2946, 
24864, 124, 20.3941, 
19209, 66, 35.3508, 
32134, 114, 16.7474, 
25400, 57, 28.7194, 
25758, 55, 34.1811, 
27273, 104, 36.0242, 
51965, 177, 25.2832, 
21687, 48, 31.1824, 
24255, 49, 36.0064, 
33187, 155, 22.7092, 
32745, 94, 38.1964, 
36801, 101, 21.8673, 
20302, 53, 28.5255, 
30949, 60, 30.7628, 
57509, 81, 70.6569, 
31608, 133, 28.1301, 
37016, 89, 33.1135, 
38061, 82, 31.2895, 
25061, 66, 26.1901, 
35043, 55, 47.5179, 
32212, 156, 27.2003, 
20866, 42, 52.8023, 
30717, 109, 36.7372, 
33974, 102, 33.6722, 
25526, 74, 29.6224, 
28019, 75, 38.3444, 
33381, 65, 55.3712, 
61284, 171, 43.9745, 
30315, 63, 52.4515, 
33665, 86, 36.1849, 
25744, 69, 24.1454, 
27805, 62, 36.0829, 
32378, 100, 17.9362, 
28155, 69, 17.8469, 
27465, 51, 29.2347, 
31434, 181, 27.9133, 
36340, 91, 37.2577, 
20876, 47, 33.2857, 
22677, 52, 36.611, 
23151, 130, 15.5217, 
28079, 74, 29.4503, 
37359, 86, 30.7564, 
27853, 49, 41.8304, 
37544, 151, 27.4566, 
31584, 50, 68.3202, 
33607, 122, 44.2564, 
43167, 112, 36.8048, 
34321, 74, 33.389, 
30119, 77, 30.0128, 
30985, 58, 46.0319, 
28357, 156, 16.1429, 
56202, 136, 31.4235, 
36021, 89, 23.7564, 
44012, 99, 53.889, 
42005, 125, 41.7959, 
42779, 92, 42.2551, 
26121, 54, 37.1352, 
20795, 75, 13.2602, 
19781, 59, 23.8597, 
53908, 129, 19.0778, 
28674, 56, 27.9834, 
33517, 124, 34.148, 
25224, 55, 42.9617, 
41801, 193, 27.0268, 
25182, 93, 28.7347, 
21396, 95, 27.1811, 
30931, 133, 31.9069, 
19341, 85, 21.1901, 
20012, 110, 10.3151, 
28768, 129, 24.1926, 
15210, 43, 11.7143, 
48157, 90, 41.764, 
34483, 139, 29.6224, 
25669, 58, 59.6875, 
41594, 123, 35.6186, 
19654, 61, 32.4719, 
35315, 131, 35.889, 
30324, 85, 29.8482, 
34355, 95, 24.7921, 
22875, 91, 12.4566, 
31364, 70, 25.5931, 
25347, 70, 17.0778, 
32142, 61, 33.9337, 
35047, 128, 29.5293, 
35388, 82, 38.5638, 
40014, 124, 33.3342, 
30496, 60, 45.1926, 
49918, 148, 47.3278, 
35395, 89, 35.3265, 
22966, 62, 42.2041, 
30257, 110, 38.8801, 
29523, 90, 29.0791, 
26187, 65, 31.2946, 
35826, 86, 29.0651, 
42936, 104, 25.7883, 
35669, 61, 44.8048, 
31423, 150, 20.6097, 
25059, 55, 50.0957, 
25796, 107, 13.0663, 
21668, 67, 16.0638, 
24590, 49, 30.3954, 
42943, 152, 32.4668, 
52877, 164, 21.6633, 
18796, 46, 24.8827, 
20411, 41, 27.0408, 
32785, 58, 40.7934, 
39707, 166, 27.4962, 
29442, 71, 33.3673, 
33510, 101, 25.7972, 
40017, 114, 17.7908, 
26794, 68, 21.2538, 
33893, 75, 36.1952, 
32851, 152, 22.7742, 
26534, 111, 10.8418, 
20802, 80, 9.83163, 
29786, 57, 33.6696, 
29843, 128, 29.7755, 
24998, 106, 15.3074, 
27067, 72, 26.1671, 
56838, 140, 21.4031, 
22275, 55, 25.9439, 
36602, 139, 35.9069, 
23453, 60, 46.2819, 
47907, 108, 36.1033, 
30201, 56, 40.3265, 
30868, 143, 34.9541, 
20980, 55, 28.2296, 
26396, 119, 26.0867, 
29221, 132, 34.9847, 
25981, 101, 19.9872, 
37652, 92, 26.3916, 
28025, 54, 37.8878, 
32541, 189, 32.8533, 
32900, 95, 28.5829, 
24473, 165, 12.1582, 
34691, 76, 47.4107, 
27166, 138, 37.3495, 
36500, 205, 25.1161, 
31495, 128, 11.3048, 
25630, 122, 31.514, 
43999, 164, 32.6633, 
31970, 70, 43.7755, 
29917, 133, 32.6046, 
20231, 65, 34.0472, 
36942, 145, 25.4541, 
24513, 111, 52.2717, 
39740, 146, 37.0395, 
23603, 52, 58.2423, 
41280, 176, 60.9987, 
38469, 121, 24.1135, 
