2684, 34
5766, 42
2612, 43
12336, 63
7507, 46
6369, 41
11065, 61
12140, 57
20083, 82
22280, 90
16011, 64
3908, 36
4640, 38
7799, 46
5332, 52
8483, 47
10289, 53
11817, 55
20544, 78
10291, 53
19555, 81
12161, 54
3448, 34
4299, 40
3562, 42
17509, 70
6029, 51
10305, 52
17755, 79
7417, 45
16112, 67
7753, 47
20147, 83
14430, 60
3809, 38
5976, 42
6038, 43
4462, 39
7544, 55
8430, 52
3529, 37
9913, 51
15590, 74
11097, 54
14515, 72
16687, 81
17280, 70
15756, 64
27433, 98
3516, 40
4267, 37
10223, 54
7882, 46
6574, 47
15681, 65
14385, 77
16455, 70
6577, 43
18743, 79
9415, 51
21467, 90
19933, 84
1993, 37
4437, 39
8502, 49
4606, 44
9341, 62
10185, 61
18753, 122
16670, 69
14420, 146
20495, 118
3870, 65
6130, 72
4011, 62
7680, 88
7221, 83
8302, 83
10424, 85
22682, 89
9356, 51
3689, 37
6851, 49
4735, 52
9480, 57
14473, 65
11980, 61
14034, 62
15857, 84
10819, 57
17921, 78
16842, 71
12304, 64
22349, 88
3310, 35
8458, 49
3187, 35
9972, 57
9057, 51
14196, 73
9507, 52
15591, 73
17690, 77
17705, 79
16669, 69
16971, 85
26642, 95
9445, 50
3230, 50
3966, 49
7844, 49
6059, 45
7123, 46
10663, 55
9331, 67
9947, 57
9765, 52
18179, 72
12990, 72
24161, 100
23111, 79
2941, 43
2733, 39
6543, 46
8437, 48
7513, 66
13209, 61
13771, 74
22504, 94
10415, 50
4978, 53
8092, 59
9663, 53
10722, 54
11169, 60
8230, 57
13222, 69
11760, 58
18340, 83
18078, 83
12095, 68
15796, 70
20265, 78
11049, 56
17398, 68
1578, 32
6421, 56
10807, 56
8301, 51
6731, 47
10699, 57
16071, 87
11764, 57
12614, 79
6899, 47
23378, 82
12545, 74
3381, 38
4735, 38
4118, 36
8104, 49
10074, 51
15909, 64
15965, 75
13145, 67
20050, 75
15426, 71
14420, 73
11964, 65
17560, 82
11565, 56
4743, 39
6530, 44
5455, 52
8016, 48
3212, 36
3583, 35
13600, 62
7869, 48
21059, 76
8746, 61
16522, 63
2663, 35
7736, 45
6535, 49
7417, 46
15282, 74
12627, 58
19616, 87
5375, 42
13646, 61
9092, 62
22743, 128
12344, 55
4370, 38
2413, 35
5206, 39
10113, 60
7439, 45
17320, 70
19308, 77
4649, 43
2570, 33
2418, 41
3388, 36
6233, 42
13206, 69
13246, 61
13964, 61
20185, 87
13082, 63
13770, 61
25373, 88
10179, 50
4495, 46
6712, 46
6708, 43
8987, 52
7307, 44
10968, 61
13216, 72
17974, 73
23343, 92
3389, 36
1488, 32
6999, 44
11739, 66
4912, 41
5748, 42
6303, 47
12765, 60
10291, 53
21125, 89
17642, 67
2221, 34
3867, 38
7146, 43
6913, 52
10031, 63
5434, 42
12846, 60
17238, 79
24324, 87
9911, 57
2310, 34
4031, 37
10047, 55
7730, 46
13214, 61
8429, 51
18304, 85
5294, 40
19081, 73
12480, 59
13016, 62
15081, 86
16095, 62
3596, 37
7226, 53
8045, 48
8769, 49
7314, 62
9395, 53
9826, 51
11101, 56
11246, 61
17725, 66
2433, 41
6136, 43
6363, 44
9051, 59
13162, 61
5409, 47
14596, 75
19077, 74
16257, 83
10964, 55
20136, 75
4354, 53
1919, 37
7393, 51
8650, 50
7700, 47
6584, 45
11482, 94
14912, 65
15102, 64
20994, 79
12130, 60
16125, 80
18911, 74
4217, 38
5836, 53
8473, 50
8763, 49
9316, 60
19594, 77
14441, 74
17131, 70
16529, 75
12357, 61
17132, 66
1866, 34
3237, 36
6719, 45
10375, 55
8491, 57
8806, 48
14917, 65
10316, 64
11731, 56
27946, 100
4751, 39
5291, 42
3970, 38
10336, 55
8651, 47
10284, 54
16188, 75
17560, 70
10589, 54
13494, 58
19638, 80
16356, 76
17175, 69
17707, 79
15939, 64
5157, 40
4895, 54
4224, 41
4374, 39
8210, 46
6001, 43
11671, 54
11741, 67
11984, 56
20117, 77
15300, 65
21601, 84
3454, 43
4691, 41
3575, 35
4543, 38
11423, 63
11285, 62
9192, 49
16730, 78
24215, 85
7253, 45
2725, 36
3642, 38
8481, 50
11540, 66
19003, 76
5630, 41
14126, 63
18330, 106
4955, 51
11095, 55
22090, 80
15263, 71
4184, 39
5030, 48
4934, 42
8906, 49
8685, 51
11267, 67
12402, 58
11881, 67
12114, 60
13862, 62
20933, 79
20074, 83
20156, 80
3492, 36
5511, 41
5018, 40
3434, 44
4239, 38
9874, 52
14521, 72
10969, 54
20365, 81
9072, 51
16248, 65
1347, 36
4518, 44
4325, 39
3910, 37
9792, 53
18574, 73
16598, 72
12028, 68
7950, 49
11655, 56
22863, 90
17432, 67
2969, 45
4007, 37
6944, 45
11116, 58
8756, 57
12953, 63
12192, 73
13481, 64
22816, 87
21125, 81
5306, 41
5768, 54
4129, 36
7214, 45
6473, 46
19465, 85
17043, 69
11236, 65
12782, 59
10863, 58
17129, 69
14807, 62
1465, 38
2890, 35
6702, 46
7698, 47
10426, 52
12753, 60
14613, 68
10666, 65
7129, 44
17072, 68
18866, 80
10491, 52
18121, 112
17824, 84
22840, 85
14592, 58
3840, 45
4913, 40
13283, 62
6016, 45
7649, 46
25350, 96
9734, 75
4477, 37
2884, 36
7081, 47
7781, 56
12901, 58
15228, 75
15516, 65
23722, 88
16951, 66
5772, 43
4317, 47
7054, 87
7622, 66
6582, 62
6931, 69
11669, 100
14951, 91
17774, 116
13910, 122
20702, 87
6536, 344
7471, 48
8047, 46
11819, 61
10468, 74
12869, 61
16809, 70
17729, 80
16926, 101
10358, 53
19597, 77
6677, 46
22844, 84
5751, 53
3054, 35
6758, 45
6448, 44
8712, 57
4962, 40
11912, 72
11548, 59
8350, 49
13628, 66
18140, 83
21709, 91
21923, 89
12531, 62
1427, 32
4225, 42
5787, 43
9351, 63
14886, 64
11926, 58
24385, 90
8253, 65
2693, 44
5044, 40
3365, 37
11541, 54
14067, 70
10706, 65
20719, 88
4972, 42
18713, 78
7364, 50
19397, 73
14591, 90
3069, 44
5200, 59
4007, 37
6825, 45
15482, 72
17578, 87
7744, 48
14726, 65
16852, 82
15877, 103
15158, 64
16101, 67
15781, 65
24073, 85
10134, 58
3255, 38
5714, 41
8097, 47
14548, 65
9011, 52
6770, 57
10610, 54
10684, 53
13605, 61
19840, 86
21516, 100
14936, 62
2682, 34
2849, 34
4546, 43
12931, 59
11555, 67
12445, 60
6671, 44
11361, 57
17504, 70
15425, 70
21959, 92
16127, 64
3226, 35
7958, 57
4274, 40
6209, 42
15792, 75
14609, 65
12313, 57
9625, 53
24008, 98
13371, 57
3463, 38
8242, 47
4658, 40
8072, 48
6809, 44
10138, 69
11237, 56
13238, 59
9385, 51
12277, 68
19965, 85
18640, 75
18092, 68
3258, 36
5868, 44
7273, 47
7426, 62
12120, 57
15134, 66
10725, 54
14070, 62
12059, 61
19737, 83
4336, 38
3580, 35
6953, 45
5237, 42
7338, 54
10050, 63
17912, 73
17722, 72
9406, 50
24435, 88
13407, 66
5082, 40
5035, 40
7482, 45
7640, 48
11517, 55
13083, 73
12993, 58
16391, 66
13396, 65
16243, 76
27917, 109
13310, 59
3566, 37
4142, 41
6691, 202
8372, 167
10426, 54
9124, 69
13956, 67
21448, 78
20621, 93
9824, 59
10270, 57
17289, 69
18487, 76
20148, 76
4052, 38
6253, 51
7023, 48
7525, 45
10070, 56
12743, 62
9720, 54
21727, 94
15917, 70
13005, 66
16674, 83
17105, 82
15389, 66
22281, 80
4614, 42
5159, 41
7836, 48
7015, 54
7055, 49
11565, 54
10498, 55
14816, 67
11433, 157
20688, 80
21585, 94
15735, 74
3817, 42
6499, 45
4898, 42
4479, 40
17167, 68
6192, 42
9675, 60
18309, 74
9387, 56
16615, 68
24298, 86
26292, 100
5440, 41
6357, 43
7598, 45
10081, 53
7602, 55
11169, 62
11293, 56
8156, 47
16798, 67
26254, 92
8415, 52
1361, 30
4340, 57
4822, 40
7433, 45
12010, 57
5942, 43
19057, 90
14953, 67
7971, 46
21120, 77
20639, 95
4022, 40
3685, 38
8793, 48
9916, 55
4445, 39
7426, 48
15647, 75
13819, 62
16582, 68
14110, 63
18717, 73
10250, 68
18043, 68
4644, 39
4414, 39
8181, 48
8212, 65
4608, 49
5145, 41
12135, 57
14284, 63
12397, 57
11191, 60
24822, 93
2804, 34
4692, 39
7382, 46
6477, 44
7896, 47
12274, 68
12475, 64
17946, 73
24344, 87
16172, 76
3734, 46
4486, 39
6443, 45
11887, 61
4943, 40
12678, 58
16681, 85
21494, 79
19335, 76
17814, 73
14406, 64
3282, 50
3480, 37
2808, 36
5332, 40
9624, 52
11571, 56
14664, 84
11576, 65
19055, 72
23923, 87
17330, 74
17182, 78
11590, 55
30042, 95
5014, 40
5669, 41
7023, 56
7095, 48
7775, 46
18411, 72
11185, 57
19438, 93
11311, 55
14076, 62
20954, 78
13550, 56
1207, 28
4974, 52
11690, 57
9141, 50
11002, 56
5174, 49
5376, 43
11921, 68
12430, 66
14501, 69
14665, 62
14195, 63
22440, 100
5098, 40
6128, 46
7585, 47
6585, 45
17962, 72
4689, 48
8010, 48
13535, 63
20527, 83
19806, 72
9720, 63
16041, 72
12649, 59
20739, 74
4208, 40
4084, 46
8109, 58
6091, 43
10254, 55
8564, 51
15939, 68
5940, 43
17961, 79
18902, 74
17933, 71
20136, 74
2873, 37
4025, 46
4516, 45
7411, 47
15386, 65
15087, 64
15040, 76
10177, 60
26400, 90
7942, 44
2286, 31
6648, 44
7272, 48
12985, 69
9789, 53
11733, 56
16111, 67
17808, 70
16722, 82
22457, 87
13699, 60
1223, 30
8056, 51
6845, 62
11213, 57
11600, 56
10827, 55
12494, 57
18520, 73
19204, 86
12371, 57
19977, 81
18820, 71
3293, 38
5395, 49
10769, 62
3609, 36
9797, 51
5987, 44
7755, 48
13359, 80
16750, 68
11067, 56
10984, 54
14733, 64
22882, 96
16104, 68
1501, 30
2492, 33
5517, 42
8112, 50
14375, 62
9609, 65
11823, 59
6592, 46
16223, 66
13962, 62
18590, 87
3019, 37
5215, 40
3669, 38
9682, 52
6367, 44
12761, 59
6799, 53
13296, 60
17225, 72
20006, 77
15225, 67
14268, 72
4024, 38
3699, 40
8128, 47
5771, 42
9034, 49
10956, 72
29087, 100
9052, 50
3862, 37
5134, 41
5451, 40
12339, 69
8437, 50
18937, 71
15057, 67
15141, 68
15080, 72
21511, 86
23480, 82
4970, 40
8500, 52
7608, 63
6328, 44
11186, 55
6439, 45
7265, 46
13330, 61
13926, 77
20526, 77
19908, 74
16284, 66
1772, 33
4883, 40
6578, 51
10838, 61
8503, 49
24599, 87
12529, 61
4112, 54
5447, 42
6294, 44
11932, 59
4841, 40
11428, 56
9747, 51
24732, 100
14786, 61
4838, 40
6002, 44
2831, 34
6160, 44
5920, 51
10268, 60
13910, 67
19772, 79
13704, 63
15904, 85
16518, 66
20930, 85
10349, 63
1202, 28
3875, 42
2443, 38
10788, 54
9370, 51
21411, 80
14412, 63
14834, 75
18137, 76
16611, 67
14765, 64
8156, 49
18012, 89
9189, 50
3917, 36
4841, 41
8129, 48
8608, 50
13899, 73
16976, 70
14292, 64
19122, 77
19622, 72
15934, 76
18964, 78
19063, 78
12951, 56
5052, 41
3415, 55
10493, 56
3318, 37
4983, 42
10896, 55
13141, 63
9912, 64
12702, 61
14934, 65
17346, 66
3103, 37
5478, 42
5385, 52
4638, 42
6676, 60
13068, 59
9333, 53
4987, 41
4998, 41
18706, 91
18013, 71
7136, 43
2985, 34
3533, 36
5399, 41
9434, 64
14382, 63
12905, 59
16330, 80
15976, 69
14414, 72
14428, 70
21092, 80
12890, 58
18563, 82
19899, 79
3712, 38
4624, 42
2570, 33
12416, 57
11562, 59
8930, 62
4577, 39
14416, 60
16672, 69
24433, 88
13773, 65
3926, 40
4191, 42
11029, 54
9725, 53
17844, 72
21993, 106
9921, 53
