2607, 95
5958, 118
2692, 104
12404, 159
7681, 124
6280, 114
11124, 141
12347, 148
19981, 192
22087, 201
16085, 163
4034, 104
4761, 118
7928, 125
5364, 110
8536, 128
10338, 138
11959, 150
20645, 204
10255, 137
19489, 187
12030, 140
3511, 102
4292, 118
3628, 102
17513, 187
6040, 115
10160, 138
17965, 181
7390, 121
16151, 168
7581, 130
20208, 192
14150, 159
3762, 111
6033, 118
5931, 115
4560, 107
7446, 125
8436, 129
3562, 102
10019, 137
15426, 166
11292, 145
14454, 160
16549, 183
17069, 185
11290, 138
5559, 116
4941, 111
5404, 113
12750, 158
9362, 135
7564, 125
17754, 182
15956, 175
18259, 190
7234, 122
20348, 195
7397, 124
3762, 102
6548, 120
3706, 102
7252, 122
12393, 152
6249, 115
12523, 149
12871, 160
23154, 209
14275, 154
3259, 100
8622, 132
7266, 124
9799, 135
5839, 123
10471, 139
9354, 132
10642, 140
13099, 156
19019, 180
3024, 98
5355, 114
9018, 133
6019, 114
11252, 145
16707, 175
13464, 154
15878, 168
17894, 200
11992, 145
19569, 187
12677, 144
2138, 94
7398, 125
6233, 116
13720, 160
4749, 107
13935, 159
11861, 167
18032, 188
11701, 145
18975, 196
21183, 197
14569, 154
3084, 99
4276, 108
8068, 126
4662, 107
8918, 130
8993, 133
14875, 168
10667, 139
11772, 144
16479, 170
14153, 158
14365, 166
13562, 154
16990, 167
2414, 96
6036, 116
9926, 147
6522, 117
5134, 109
11126, 142
13135, 152
11089, 142
18857, 185
18746, 183
20495, 191
3366, 108
7183, 129
10431, 142
11938, 148
12603, 154
12926, 155
9217, 131
14444, 162
13280, 156
20052, 191
19810, 188
13195, 158
16874, 176
21512, 201
11825, 144
18572, 175
1527, 90
6266, 119
10562, 143
8040, 126
6689, 119
10671, 145
15878, 174
11667, 144
12444, 148
6959, 118
23518, 221
12234, 142
3328, 100
4734, 108
4095, 105
8201, 126
10121, 140
16042, 175
15925, 170
13223, 152
19913, 189
15254, 164
14339, 164
11999, 145
17619, 185
11519, 137
4899, 116
6533, 119
5379, 112
7840, 125
3227, 99
3527, 101
13713, 157
7621, 122
21169, 197
8574, 128
16543, 166
2543, 96
7646, 132
6745, 130
7530, 124
15271, 167
12628, 151
19483, 192
5259, 109
13923, 156
9240, 131
15940, 163
3130, 100
6349, 123
3131, 99
6340, 116
12112, 147
8688, 138
19812, 191
22032, 203
4565, 108
2593, 96
2347, 94
3473, 106
6170, 116
12878, 157
13236, 155
13917, 157
20077, 190
12925, 152
13515, 154
17521, 182
2222, 94
6236, 117
8614, 132
8080, 132
10672, 140
8553, 127
12678, 152
14630, 161
20013, 191
25638, 224
3490, 101
1475, 90
7028, 121
11476, 160
4832, 111
5664, 111
6352, 116
12954, 158
10492, 142
21478, 211
17618, 186
2258, 94
3854, 104
7103, 122
6855, 121
9835, 150
5334, 111
12993, 157
17477, 191
24063, 215
9914, 129
2238, 94
4130, 105
10297, 140
7575, 124
13347, 159
8440, 133
18284, 181
5406, 110
19183, 186
8744, 124
2352, 93
3673, 112
6940, 121
8260, 128
13672, 161
13855, 159
13673, 162
10668, 140
13368, 155
13849, 155
14498, 159
14825, 160
22997, 204
2428, 96
6102, 116
6298, 126
9013, 141
13098, 153
5316, 110
14757, 162
18659, 186
16319, 176
11102, 140
20150, 187
4431, 109
1925, 91
7526, 125
8836, 135
7924, 125
6479, 128
11544, 144
14962, 163
14996, 163
21174, 199
12080, 145
16026, 167
19062, 182
4286, 111
5832, 113
8432, 129
8728, 131
9255, 134
19482, 203
14632, 162
17139, 175
16594, 172
12416, 147
17060, 176
1834, 92
3256, 102
6741, 118
10481, 140
8618, 129
8876, 130
14695, 163
10474, 138
11785, 162
27808, 241
4829, 115
5104, 111
3984, 103
10408, 140
8872, 131
10340, 137
16192, 171
17613, 178
10581, 140
13531, 154
19577, 193
16435, 177
17349, 174
17880, 177
15964, 163
5309, 114
4876, 110
4309, 105
4315, 105
7997, 125
6073, 114
11822, 152
11654, 144
12152, 147
20076, 190
15129, 171
21446, 195
3321, 101
4714, 108
3626, 103
4554, 106
11391, 144
11036, 148
9181, 131
16785, 172
24241, 215
7312, 115
2820, 97
3670, 101
8441, 129
11634, 157
18889, 190
5595, 113
13965, 165
18284, 182
4789, 107
11427, 144
15536, 161
3736, 103
6031, 116
6605, 118
6128, 116
10664, 141
9791, 135
12913, 169
14147, 161
13139, 153
13615, 155
14933, 161
22367, 203
14994, 158
4534, 108
5029, 110
7261, 124
6277, 118
4043, 107
4897, 108
11213, 143
16287, 181
12281, 149
22245, 202
7094, 113
4396, 107
1961, 93
5895, 113
5225, 110
4621, 110
11693, 149
21263, 202
18324, 183
13671, 155
8677, 128
12645, 156
17521, 172
4360, 106
4176, 105
5309, 112
8444, 135
13344, 156
9908, 136
14642, 165
13631, 156
15054, 163
17695, 175
6331, 121
7781, 126
7544, 134
5197, 112
8427, 132
7459, 123
22256, 205
13318, 149
2811, 97
4192, 106
4109, 103
7320, 122
10378, 139
4591, 106
7211, 122
14611, 166
15225, 163
18720, 191
21248, 198
16048, 162
2560, 96
2155, 94
6484, 119
8208, 127
4951, 109
9380, 134
9772, 140
13043, 155
12349, 148
19315, 186
18292, 180
28565, 249
2615, 96
3882, 103
15070, 173
8815, 131
12245, 156
6501, 117
13762, 157
13622, 155
21298, 199
16530, 166
4294, 108
8603, 132
10207, 150
13074, 156
8323, 134
12174, 147
11958, 146
9669, 133
9837, 134
16212, 170
19947, 189
22863, 204
12775, 145
5423, 114
9617, 144
9815, 146
10045, 138
14423, 164
11977, 147
14689, 162
18846, 184
19693, 191
18447, 182
11225, 141
21103, 204
7109, 119
24767, 213
5724, 121
3120, 103
6745, 120
6448, 117
8963, 131
4931, 108
11636, 147
11751, 145
8355, 134
13428, 154
18155, 181
21594, 198
15378, 159
2658, 96
2016, 93
5632, 120
6996, 120
11033, 143
17172, 182
13747, 161
18830, 183
2890, 98
3899, 105
6525, 119
4233, 105
13632, 157
16026, 171
12283, 148
23514, 213
4137, 111
4063, 104
2214, 94
6808, 121
8317, 128
8384, 128
11641, 145
7793, 123
12082, 148
25358, 222
18629, 178
2174, 96
5316, 116
7057, 121
7544, 123
7849, 132
8864, 131
9202, 132
14831, 162
8945, 129
16016, 169
21105, 196
17788, 179
6288, 118
4850, 111
4114, 104
6690, 119
7431, 122
9609, 134
14753, 173
16267, 171
16759, 173
13317, 153
10594, 143
14085, 156
24546, 212
4021, 105
5699, 116
3514, 101
6386, 117
10716, 140
10007, 137
14665, 163
16376, 179
14747, 167
19173, 184
2266, 94
3873, 103
10753, 143
10628, 141
9453, 136
7506, 126
19049, 188
16062, 169
15585, 173
19354, 185
2424, 104
5113, 111
4599, 107
7294, 123
8448, 128
10459, 138
7367, 122
9979, 137
16708, 172
15795, 170
22571, 208
13697, 150
3991, 104
5589, 113
5976, 115
10132, 150
13097, 155
9532, 134
12594, 150
10954, 142
17801, 183
4621, 108
3731, 102
6974, 121
5234, 111
7309, 120
9923, 136
17972, 180
17688, 181
9363, 140
24165, 214
13365, 156
5003, 110
4912, 109
7630, 125
7592, 123
11483, 145
13136, 153
12887, 152
16430, 170
13457, 155
16443, 173
27882, 247
13294, 149
3408, 100
4162, 105
6945, 121
8344, 128
10426, 139
9282, 131
13557, 156
21621, 200
20780, 204
9676, 134
10123, 135
17448, 174
13002, 156
4399, 107
5827, 115
7986, 126
8656, 130
8877, 132
11828, 148
14424, 164
10912, 140
23978, 217
17479, 175
14111, 156
17940, 179
12966, 156
2534, 96
6758, 120
8634, 133
8464, 134
11603, 146
9814, 135
9387, 132
14773, 164
13165, 152
18096, 179
13650, 154
16989, 170
4030, 105
5554, 129
7273, 121
10208, 139
6929, 119
6298, 115
22431, 207
5545, 105
2748, 98
6485, 117
3848, 103
7723, 124
12627, 152
20720, 211
19148, 191
12161, 146
3902, 109
6385, 118
5248, 111
8206, 127
8434, 128
6369, 116
13350, 155
21891, 208
10252, 138
6697, 117
16466, 169
14454, 158
20070, 189
19995, 197
1884, 92
7542, 125
6709, 119
4152, 104
11679, 155
17725, 178
14557, 161
10472, 139
21165, 197
21166, 196
6065, 107
2275, 95
6132, 116
6534, 118
8606, 141
7976, 130
11224, 145
6283, 115
16625, 172
20824, 194
14969, 164
16418, 165
3485, 102
2312, 95
2975, 98
7843, 127
9553, 141
8817, 130
8297, 133
18434, 184
2803, 97
4810, 109
7267, 123
6485, 117
7922, 126
12487, 150
12330, 148
18000, 188
24355, 216
16099, 164
3596, 102
4500, 107
6644, 124
11774, 154
5071, 109
12701, 151
16502, 174
21417, 208
19556, 189
18050, 181
14335, 153
3296, 100
3477, 102
2820, 97
5342, 111
9751, 136
11466, 153
14712, 162
11535, 150
19052, 187
23763, 211
12055, 142
2969, 98
2700, 95
11993, 151
11834, 148
10688, 141
11706, 148
11024, 143
11562, 147
17738, 186
3067, 101
6859, 121
4753, 107
6688, 118
10610, 140
10815, 142
4429, 105
14167, 159
19679, 187
4077, 113
5779, 115
3059, 98
3475, 100
8087, 126
8714, 138
10719, 140
11159, 142
10932, 140
25106, 221
18993, 181
4238, 114
5858, 115
5416, 112
14942, 169
4125, 104
7079, 120
12123, 148
18674, 186
18149, 188
9022, 129
14860, 161
11689, 152
19386, 179
4370, 107
4054, 105
8150, 127
6037, 114
10409, 139
8600, 129
16025, 169
5930, 114
17865, 177
19116, 201
18057, 181
20002, 186
2851, 98
4078, 105
4612, 107
7412, 124
15403, 168
15328, 166
15095, 164
10127, 142
26724, 230
7839, 118
2371, 102
6902, 123
7279, 123
12896, 154
9790, 135
11872, 148
16081, 171
17555, 182
16786, 176
22346, 206
20205, 190
5336, 104
5519, 114
5157, 112
9349, 145
9945, 137
9244, 133
10831, 142
16673, 182
17696, 178
11209, 142
18481, 183
17281, 171
3300, 101
5371, 112
10691, 145
3682, 101
9866, 138
5981, 122
7931, 130
13190, 155
16629, 171
10859, 141
10962, 140
14512, 161
16127, 163
3551, 102
2123, 93
3360, 100
7039, 122
9434, 140
16503, 174
11188, 150
13390, 156
7301, 120
18005, 178
10814, 135
5021, 111
4437, 108
6772, 118
4418, 105
11596, 152
7278, 121
14235, 161
7696, 123
14532, 159
18918, 190
21912, 204
11674, 139
3537, 102
5757, 114
4735, 109
9860, 145
6707, 118
10228, 137
12431, 151
22028, 205
3164, 100
5290, 112
6649, 118
6855, 121
14802, 174
9627, 134
21217, 211
11666, 140
3849, 103
4834, 109
8047, 127
14312, 166
13564, 157
18980, 187
14697, 163
11170, 146
18309, 187
9961, 143
10807, 139
19033, 185
19662, 187
19380, 180
3590, 103
5893, 116
3323, 100
7578, 123
9428, 133
15013, 173
11260, 142
21771, 200
5041, 111
5872, 126
7073, 122
7863, 125
14464, 163
5791, 113
12731, 153
10824, 142
27458, 239
16402, 169
4711, 108
6113, 117
2828, 97
6264, 116
5897, 115
10093, 142
13943, 161
19462, 189
13741, 165
16012, 168
16350, 173
20903, 194
10249, 132
1154, 88
3921, 104
2476, 95
11014, 144
9175, 134
21385, 207
10096, 145
3654, 102
5691, 115
6365, 116
6461, 119
3885, 102
9162, 131
7073, 120
15492, 167
14803, 161
21364, 198
20156, 199
20458, 191
5346, 112
5819, 125
8996, 134
10073, 138
9041, 131
11172, 142
11908, 148
11984, 146
22686, 213
8330, 121
5592, 116
2119, 94
3459, 100
7922, 125
9899, 136
7867, 126
10078, 146
12317, 148
20613, 195
10761, 137
3839, 106
4208, 106
3736, 102
5466, 112
11312, 146
8218, 127
4476, 105
4474, 105
17133, 175
16462, 171
9294, 133
17139, 187
15047, 161
19479, 185
20217, 184
5225, 113
5897, 115
8590, 129
9177, 137
8677, 129
9380, 133
14275, 163
9097, 143
13482, 156
21054, 210
13828, 152
3239, 102
1983, 95
10105, 141
9683, 140
7735, 133
3994, 105
12825, 157
15241, 177
22213, 208
17991, 181
14416, 157
2817, 108
8503, 136
7779, 129
15130, 171
18821, 194
8651, 142
